<?xml version="1.0" encoding="UTF-8"?>
<!-- Generated by org.testng.reporters.JUnitReportReporter -->
<testsuite hostname="MAVLT1129" failures="0" tests="1" name="com.employeeeapi.testCases.TC01_GET_All_Employees" time="0.004" errors="0" timestamp="2022-06-28T10:09:39 IST" skipped="0">
  <testcase classname="com.employeeeapi.testCases.TC01_GET_All_Employees" name="checkResposeBody" time="0.004"/>
  <system-out/>
</testsuite> <!-- com.employeeeapi.testCases.TC01_GET_All_Employees -->
