<?xml version="1.0" encoding="UTF-8"?>
<!-- Generated by org.testng.reporters.JUnitReportReporter -->
<testsuite hostname="MAVLT1129" failures="0" tests="1" name="bdd.restapi.GET_Request" time="3.847" errors="0" timestamp="2022-07-05T11:07:29 IST" skipped="0">
  <testcase classname="bdd.restapi.GET_Request" name="GetRequest" time="3.847"/>
  <system-out/>
</testsuite> <!-- bdd.restapi.GET_Request -->
