<?xml version="1.0" encoding="UTF-8"?>
<!-- Generated by org.testng.reporters.JUnitReportReporter -->
<testsuite hostname="MAVLT1129" failures="0" tests="1" name="bdd.restapi.POST_Request" time="2.148" errors="0" timestamp="2022-07-05T12:39:32 IST" skipped="0">
  <testcase classname="bdd.restapi.POST_Request" name="Post_Request" time="2.148"/>
  <system-out/>
</testsuite> <!-- bdd.restapi.POST_Request -->
