<?xml version="1.0" encoding="UTF-8"?>
<!-- Generated by org.testng.reporters.JUnitReportReporter -->
<testsuite hostname="MAVLT1129" failures="0" tests="3" name="com.dataprovider.TC01_POST_DT" time="0.017" errors="0" timestamp="2022-06-29T12:01:49 IST" skipped="0">
  <testcase classname="com.dataprovider.TC01_POST_DT" name="postCreateUser" time="0.004"/>
  <system-out/>
  <testcase classname="com.dataprovider.TC01_POST_DT" name="postCreateUser" time="0.011"/>
  <system-out/>
  <testcase classname="com.dataprovider.TC01_POST_DT" name="postCreateUser" time="0.002"/>
  <system-out/>
</testsuite> <!-- com.dataprovider.TC01_POST_DT -->
