<?xml version="1.0" encoding="UTF-8"?>
<!-- Generated by org.testng.reporters.JUnitReportReporter -->
<testsuite hostname="MAVLT1129" failures="0" tests="2" name="com.test.Test01_GET" time="3.773" errors="0" timestamp="2022-06-11T11:23:42 IST" skipped="0">
  <testcase classname="com.test.Test01_GET" name="test_01" time="2.368"/>
  <system-out/>
  <testcase classname="com.test.Test01_GET" name="test_02" time="1.405"/>
  <system-out/>
</testsuite> <!-- com.test.Test01_GET -->
