<?xml version="1.0" encoding="UTF-8"?>
<!-- Generated by org.testng.reporters.JUnitReportReporter -->
<testsuite hostname="MAVLT1129" failures="0" tests="9" name="com.employeeeapi.testCases.TC001_Get_All_Employees" time="0.011" errors="0" timestamp="2022-06-28T10:09:39 IST" skipped="0">
  <testcase classname="com.employeeeapi.testCases.TC001_Get_All_Employees" name="checkCookies" time="0.001"/>
  <system-out/>
  <testcase classname="com.employeeeapi.testCases.TC001_Get_All_Employees" name="checkResposeBody" time="0.001"/>
  <system-out/>
  <testcase classname="com.employeeeapi.testCases.TC001_Get_All_Employees" name="checkserverType" time="0.001"/>
  <system-out/>
  <testcase classname="com.employeeeapi.testCases.TC001_Get_All_Employees" name="checkstatusLine" time="0.001"/>
  <system-out/>
  <testcase classname="com.employeeeapi.testCases.TC001_Get_All_Employees" name="checkResponseTime" time="0.002"/>
  <system-out/>
  <testcase classname="com.employeeeapi.testCases.TC001_Get_All_Employees" name="checkStatusCode" time="0.001"/>
  <system-out/>
  <testcase classname="com.employeeeapi.testCases.TC001_Get_All_Employees" name="checkcontentEncoding" time="0.002"/>
  <system-out/>
  <testcase classname="com.employeeeapi.testCases.TC001_Get_All_Employees" name="checkContentType" time="0.001"/>
  <system-out/>
  <testcase classname="com.employeeeapi.testCases.TC001_Get_All_Employees" name="checkContentLenght" time="0.001"/>
  <system-out/>
</testsuite> <!-- com.employeeeapi.testCases.TC001_Get_All_Employees -->
