<?xml version="1.0" encoding="UTF-8"?>
<!-- Generated by org.testng.reporters.JUnitReportReporter -->
<testsuite hostname="MAVLT1129" failures="0" tests="1" name="com.sdet.Test03_GETRequest_GetAllHeaders" time="0.233" errors="0" timestamp="2022-06-29T11:01:43 IST" skipped="0">
  <testcase classname="com.sdet.Test03_GETRequest_GetAllHeaders" name="GETRequestAllHeader" time="0.233"/>
  <system-out/>
</testsuite> <!-- com.sdet.Test03_GETRequest_GetAllHeaders -->
