<?xml version="1.0" encoding="UTF-8"?>
<!-- Generated by org.testng.reporters.JUnitReportReporter -->
<testsuite hostname="MAVLT1129" failures="0" tests="1" name="com.sdet.Test04_GETRequest_ValidateJSONResponse" time="0.231" errors="0" timestamp="2022-06-29T11:01:43 IST" skipped="0">
  <testcase classname="com.sdet.Test04_GETRequest_ValidateJSONResponse" name="GETRequestValidateJSONRequest" time="0.231"/>
  <system-out/>
</testsuite> <!-- com.sdet.Test04_GETRequest_ValidateJSONResponse -->
