<?xml version="1.0" encoding="UTF-8"?>
<!-- Generated by org.testng.reporters.JUnitReportReporter -->
<testsuite hostname="MAVLT1129" failures="0" tests="1" name="com.sdet.Test02_GETRequest_HeaderValidation" time="0.212" errors="0" timestamp="2022-06-29T11:01:43 IST" skipped="0">
  <testcase classname="com.sdet.Test02_GETRequest_HeaderValidation" name="GETRequestHeader" time="0.212"/>
  <system-out/>
</testsuite> <!-- com.sdet.Test02_GETRequest_HeaderValidation -->
