<?xml version="1.0" encoding="UTF-8"?>
<!-- Generated by org.testng.reporters.JUnitReportReporter -->
<testsuite hostname="MAVLT1129" failures="0" tests="2" name="com.test.Test01_POST" time="3.901" errors="0" timestamp="2022-06-13T17:13:56 IST" skipped="0">
  <testcase classname="com.test.Test01_POST" name="test02_POST" time="3.887"/>
  <system-out/>
  <testcase classname="com.test.Test01_POST" name="test01_POST" time="0.014"/>
  <system-out/>
</testsuite> <!-- com.test.Test01_POST -->
