<?xml version="1.0" encoding="UTF-8"?>
<!-- Generated by org.testng.reporters.JUnitReportReporter -->
<testsuite hostname="MAVLT1129" failures="0" tests="1" name="com.test.Test01_PUT" time="3.652" errors="0" timestamp="2022-06-13T17:15:49 IST" skipped="0">
  <testcase classname="com.test.Test01_PUT" name="test02_PUT" time="3.652"/>
  <system-out/>
</testsuite> <!-- com.test.Test01_PUT -->
