<?xml version="1.0" encoding="UTF-8"?>
<!-- Generated by org.testng.reporters.JUnitReportReporter -->
<testsuite hostname="MAVLT1129" failures="0" tests="2" name="com.test.Test01_PATCH" time="4.182" errors="0" timestamp="2022-06-13T17:26:04 IST" skipped="0">
  <testcase classname="com.test.Test01_PATCH" name="test02_PATCH" time="0.654"/>
  <system-out/>
  <testcase classname="com.test.Test01_PATCH" name="test01_DELETE" time="3.528"/>
  <system-out/>
</testsuite> <!-- com.test.Test01_PATCH -->
